<?xml version="1.0" encoding="UTF-8"?>
<!-- Generated by org.testng.reporters.JUnitXMLReporter -->
<testsuite ignored="0" hostname="LAPTOP-CIPN5V9I" failures="0" tests="4" name="Default test" time="0.032" errors="0" timestamp="2020-05-26T21:06:49 EDT">
  <testcase classname="com.class03.GroupsDemo" name="test1" time="0.005"/>
  <testcase classname="com.class03.GroupsDemo" name="test2" time="0.001"/>
  <testcase classname="com.class03.GroupsDemo" name="test3" time="0.0"/>
  <testcase classname="com.class03.GroupsDemo" name="test41" time="0.001"/>
</testsuite> <!-- Default test -->
