<?xml version="1.0" encoding="UTF-8"?>
<!-- Generated by org.testng.reporters.JUnitXMLReporter -->
<testsuite ignored="0" hostname="LAPTOP-CIPN5V9I" failures="0" tests="3" name="Default test" time="12.252" errors="0" timestamp="2020-05-21T21:47:54 EDT">
  <testcase classname="com.class02.practice" name="login" time="0.536"/>
  <testcase classname="com.class02.practice" name="select" time="0.722"/>
  <testcase classname="com.class02.practice" name="verify" time="0.503"/>
</testsuite> <!-- Default test -->
