<?xml version="1.0" encoding="UTF-8"?>
<!-- Generated by org.testng.reporters.JUnitXMLReporter -->
<testsuite ignored="2" hostname="LAPTOP-CIPN5V9I" failures="0" tests="2" name="Test" time="0.03" errors="0" timestamp="2020-05-26T21:20:52 EDT">
  <testcase classname="com.class03.GroupsDemo" name="test1" time="0.005"/>
  <testcase classname="com.class03.GroupsDemo" name="test3" time="0.001"/>
  <testcase classname="com.class03.GroupsDemo" name="test41" time="0.0">
    <ignored/>
  </testcase> <!-- test41 -->
  <testcase classname="com.class03.GroupsDemo" name="test2" time="0.0">
    <ignored/>
  </testcase> <!-- test2 -->
</testsuite> <!-- Test -->
