<?xml version="1.0" encoding="UTF-8"?>
<testng-results ignored="0" total="2" passed="2" failed="0" skipped="0">
  <reporter-output>
  </reporter-output>
  <suite started-at="2020-05-20T15:05:23 EDT" name="Default suite" finished-at="2020-05-20T15:05:38 EDT" duration-ms="15340">
    <groups>
    </groups>
    <test started-at="2020-05-20T15:05:23 EDT" name="Default test" finished-at="2020-05-20T15:05:38 EDT" duration-ms="15340">
      <class name="com.class01.Task1">
        <test-method is-config="true" signature="navigateToBrowser()[pri:0, instance:com.class01.Task1@358ee631]" started-at="2020-05-20T15:05:23 EDT" name="navigateToBrowser" finished-at="2020-05-20T15:05:29 EDT" duration-ms="6726" status="PASS">
          <reporter-output>
          </reporter-output>
        </test-method> <!-- navigateToBrowser -->
        <test-method signature="invalidLogin()[pri:0, instance:com.class01.Task1@358ee631]" started-at="2020-05-20T15:05:29 EDT" name="invalidLogin" finished-at="2020-05-20T15:05:30 EDT" duration-ms="227" status="PASS">
          <reporter-output>
          </reporter-output>
        </test-method> <!-- invalidLogin -->
        <test-method is-config="true" signature="navigateToBrowser()[pri:0, instance:com.class01.Task1@358ee631]" started-at="2020-05-20T15:05:30 EDT" name="navigateToBrowser" finished-at="2020-05-20T15:05:36 EDT" duration-ms="6367" status="PASS">
          <reporter-output>
          </reporter-output>
        </test-method> <!-- navigateToBrowser -->
        <test-method signature="validLogin()[pri:0, instance:com.class01.Task1@358ee631]" started-at="2020-05-20T15:05:36 EDT" name="validLogin" finished-at="2020-05-20T15:05:38 EDT" duration-ms="1993" status="PASS">
          <reporter-output>
          </reporter-output>
        </test-method> <!-- validLogin -->
      </class> <!-- com.class01.Task1 -->
    </test> <!-- Default test -->
  </suite> <!-- Default suite -->
</testng-results>
