<?xml version="1.0" encoding="UTF-8"?>
<testng-results ignored="0" total="3" passed="3" failed="0" skipped="0">
  <reporter-output>
  </reporter-output>
  <suite started-at="2020-05-21T21:47:42 EDT" name="Default suite" finished-at="2020-05-21T21:47:54 EDT" duration-ms="12252">
    <groups>
    </groups>
    <test started-at="2020-05-21T21:47:42 EDT" name="Default test" finished-at="2020-05-21T21:47:54 EDT" duration-ms="12252">
      <class name="com.class02.practice">
        <test-method is-config="true" signature="NavigateToBrowser()[pri:0, instance:com.class02.practice@6b4a4e18]" started-at="2020-05-21T21:47:42 EDT" name="NavigateToBrowser" finished-at="2020-05-21T21:47:46 EDT" duration-ms="3811" status="PASS">
          <reporter-output>
          </reporter-output>
        </test-method> <!-- NavigateToBrowser -->
        <test-method signature="login()[pri:0, instance:com.class02.practice@6b4a4e18]" started-at="2020-05-21T21:47:46 EDT" name="login" finished-at="2020-05-21T21:47:46 EDT" duration-ms="536" status="PASS">
          <reporter-output>
          </reporter-output>
        </test-method> <!-- login -->
        <test-method is-config="true" signature="closeBrowser()[pri:0, instance:com.class02.practice@6b4a4e18]" started-at="2020-05-21T21:47:46 EDT" name="closeBrowser" finished-at="2020-05-21T21:47:46 EDT" duration-ms="0" status="PASS">
          <reporter-output>
          </reporter-output>
        </test-method> <!-- closeBrowser -->
        <test-method is-config="true" signature="NavigateToBrowser()[pri:0, instance:com.class02.practice@6b4a4e18]" started-at="2020-05-21T21:47:46 EDT" name="NavigateToBrowser" finished-at="2020-05-21T21:47:50 EDT" duration-ms="3342" status="PASS">
          <reporter-output>
          </reporter-output>
        </test-method> <!-- NavigateToBrowser -->
        <test-method signature="select()[pri:0, instance:com.class02.practice@6b4a4e18]" started-at="2020-05-21T21:47:50 EDT" name="select" finished-at="2020-05-21T21:47:51 EDT" duration-ms="722" status="PASS">
          <reporter-output>
          </reporter-output>
        </test-method> <!-- select -->
        <test-method is-config="true" signature="NavigateToBrowser()[pri:0, instance:com.class02.practice@6b4a4e18]" started-at="2020-05-21T21:47:51 EDT" name="NavigateToBrowser" finished-at="2020-05-21T21:47:54 EDT" duration-ms="3311" status="PASS">
          <reporter-output>
          </reporter-output>
        </test-method> <!-- NavigateToBrowser -->
        <test-method is-config="true" signature="closeBrowser()[pri:0, instance:com.class02.practice@6b4a4e18]" started-at="2020-05-21T21:47:51 EDT" name="closeBrowser" finished-at="2020-05-21T21:47:51 EDT" duration-ms="0" status="PASS">
          <reporter-output>
          </reporter-output>
        </test-method> <!-- closeBrowser -->
        <test-method signature="verify()[pri:0, instance:com.class02.practice@6b4a4e18]" started-at="2020-05-21T21:47:54 EDT" name="verify" finished-at="2020-05-21T21:47:54 EDT" duration-ms="503" status="PASS">
          <reporter-output>
          </reporter-output>
        </test-method> <!-- verify -->
        <test-method is-config="true" signature="closeBrowser()[pri:0, instance:com.class02.practice@6b4a4e18]" started-at="2020-05-21T21:47:54 EDT" name="closeBrowser" finished-at="2020-05-21T21:47:54 EDT" duration-ms="1" status="PASS">
          <reporter-output>
          </reporter-output>
        </test-method> <!-- closeBrowser -->
      </class> <!-- com.class02.practice -->
    </test> <!-- Default test -->
  </suite> <!-- Default suite -->
</testng-results>
